<?xml version="1.0" encoding="UTF-8"?>
<testsuite xmlns:xsi="http://www.w3.org/2001/XMLSchema-instance" xsi:noNamespaceSchemaLocation="https://maven.apache.org/surefire/maven-surefire-plugin/xsd/surefire-test-report.xsd" name="com.lucene.cranfield.AppTest" time="0.086" tests="1" errors="0" skipped="0" failures="0">
  <properties>
    <property name="awt.toolkit" value="sun.awt.X11.XToolkit"/>
    <property name="java.specification.version" value="11"/>
    <property name="sun.cpu.isalist" value=""/>
    <property name="sun.jnu.encoding" value="UTF-8"/>
    <property name="java.class.path" value="/opt/lucene_project/cranfield-indexer/target/test-classes:/opt/lucene_project/cranfield-indexer/target/classes:/root/.m2/repository/org/apache/lucene/lucene-core/9.12.0/lucene-core-9.12.0.jar:/root/.m2/repository/org/apache/lucene/lucene-analyzers-common/8.11.4/lucene-analyzers-common-8.11.4.jar:/root/.m2/repository/org/apache/lucene/lucene-misc/9.12.0/lucene-misc-9.12.0.jar:/root/.m2/repository/org/apache/lucene/lucene-queryparser/9.12.0/lucene-queryparser-9.12.0.jar:/root/.m2/repository/org/apache/lucene/lucene-queries/9.12.0/lucene-queries-9.12.0.jar:/root/.m2/repository/org/apache/lucene/lucene-sandbox/9.12.0/lucene-sandbox-9.12.0.jar:/root/.m2/repository/org/apache/lucene/lucene-facet/9.12.0/lucene-facet-9.12.0.jar:/root/.m2/repository/org/apache/lucene/lucene-backward-codecs/9.12.0/lucene-backward-codecs-9.12.0.jar:/root/.m2/repository/org/junit/jupiter/junit-jupiter-api/5.7.1/junit-jupiter-api-5.7.1.jar:/root/.m2/repository/org/apiguardian/apiguardian-api/1.1.0/apiguardian-api-1.1.0.jar:/root/.m2/repository/org/opentest4j/opentest4j/1.2.0/opentest4j-1.2.0.jar:/root/.m2/repository/org/junit/platform/junit-platform-commons/1.7.1/junit-platform-commons-1.7.1.jar:/root/.m2/repository/org/junit/jupiter/junit-jupiter-engine/5.7.1/junit-jupiter-engine-5.7.1.jar:/root/.m2/repository/org/junit/platform/junit-platform-engine/1.7.1/junit-platform-engine-1.7.1.jar:"/>
    <property name="java.vm.vendor" value="Ubuntu"/>
    <property name="sun.arch.data.model" value="64"/>
    <property name="java.vendor.url" value="https://ubuntu.com/"/>
    <property name="user.timezone" value=""/>
    <property name="java.vm.specification.version" value="11"/>
    <property name="os.name" value="Linux"/>
    <property name="sun.java.launcher" value="SUN_STANDARD"/>
    <property name="sun.boot.library.path" value="/usr/lib/jvm/java-11-openjdk-amd64/lib"/>
    <property name="sun.java.command" value="/opt/lucene_project/cranfield-indexer/target/surefire/surefirebooter4273764306548827220.jar /opt/lucene_project/cranfield-indexer/target/surefire 2024-10-18T16-08-32_440-jvmRun1 surefire7383769616416302016tmp surefire_0981206113387949392tmp"/>
    <property name="jdk.debug" value="release"/>
    <property name="surefire.test.class.path" value="/opt/lucene_project/cranfield-indexer/target/test-classes:/opt/lucene_project/cranfield-indexer/target/classes:/root/.m2/repository/org/apache/lucene/lucene-core/9.12.0/lucene-core-9.12.0.jar:/root/.m2/repository/org/apache/lucene/lucene-analyzers-common/8.11.4/lucene-analyzers-common-8.11.4.jar:/root/.m2/repository/org/apache/lucene/lucene-misc/9.12.0/lucene-misc-9.12.0.jar:/root/.m2/repository/org/apache/lucene/lucene-queryparser/9.12.0/lucene-queryparser-9.12.0.jar:/root/.m2/repository/org/apache/lucene/lucene-queries/9.12.0/lucene-queries-9.12.0.jar:/root/.m2/repository/org/apache/lucene/lucene-sandbox/9.12.0/lucene-sandbox-9.12.0.jar:/root/.m2/repository/org/apache/lucene/lucene-facet/9.12.0/lucene-facet-9.12.0.jar:/root/.m2/repository/org/apache/lucene/lucene-backward-codecs/9.12.0/lucene-backward-codecs-9.12.0.jar:/root/.m2/repository/org/junit/jupiter/junit-jupiter-api/5.7.1/junit-jupiter-api-5.7.1.jar:/root/.m2/repository/org/apiguardian/apiguardian-api/1.1.0/apiguardian-api-1.1.0.jar:/root/.m2/repository/org/opentest4j/opentest4j/1.2.0/opentest4j-1.2.0.jar:/root/.m2/repository/org/junit/platform/junit-platform-commons/1.7.1/junit-platform-commons-1.7.1.jar:/root/.m2/repository/org/junit/jupiter/junit-jupiter-engine/5.7.1/junit-jupiter-engine-5.7.1.jar:/root/.m2/repository/org/junit/platform/junit-platform-engine/1.7.1/junit-platform-engine-1.7.1.jar:"/>
    <property name="sun.cpu.endian" value="little"/>
    <property name="user.home" value="/root"/>
    <property name="user.language" value="en"/>
    <property name="java.specification.vendor" value="Oracle Corporation"/>
    <property name="java.version.date" value="2024-07-16"/>
    <property name="java.home" value="/usr/lib/jvm/java-11-openjdk-amd64"/>
    <property name="file.separator" value="/"/>
    <property name="basedir" value="/opt/lucene_project/cranfield-indexer"/>
    <property name="java.vm.compressedOopsMode" value="32-bit"/>
    <property name="line.separator" value="&#10;"/>
    <property name="java.specification.name" value="Java Platform API Specification"/>
    <property name="java.vm.specification.vendor" value="Oracle Corporation"/>
    <property name="java.awt.graphicsenv" value="sun.awt.X11GraphicsEnvironment"/>
    <property name="surefire.real.class.path" value="/opt/lucene_project/cranfield-indexer/target/surefire/surefirebooter4273764306548827220.jar"/>
    <property name="sun.management.compiler" value="HotSpot 64-Bit Tiered Compilers"/>
    <property name="java.runtime.version" value="11.0.24+8-post-Ubuntu-1ubuntu322.04"/>
    <property name="user.name" value="root"/>
    <property name="path.separator" value=":"/>
    <property name="os.version" value="6.8.0-1014-azure"/>
    <property name="java.runtime.name" value="OpenJDK Runtime Environment"/>
    <property name="file.encoding" value="UTF-8"/>
    <property name="java.vm.name" value="OpenJDK 64-Bit Server VM"/>
    <property name="localRepository" value="/root/.m2/repository"/>
    <property name="java.vendor.url.bug" value="https://bugs.launchpad.net/ubuntu/+source/openjdk-lts"/>
    <property name="java.io.tmpdir" value="/tmp"/>
    <property name="java.version" value="11.0.24"/>
    <property name="user.dir" value="/opt/lucene_project/cranfield-indexer"/>
    <property name="os.arch" value="amd64"/>
    <property name="java.vm.specification.name" value="Java Virtual Machine Specification"/>
    <property name="java.awt.printerjob" value="sun.print.PSPrinterJob"/>
    <property name="sun.os.patch.level" value="unknown"/>
    <property name="java.library.path" value="/usr/java/packages/lib:/usr/lib/x86_64-linux-gnu/jni:/lib/x86_64-linux-gnu:/usr/lib/x86_64-linux-gnu:/usr/lib/jni:/lib:/usr/lib"/>
    <property name="java.vm.info" value="mixed mode, sharing"/>
    <property name="java.vendor" value="Ubuntu"/>
    <property name="java.vm.version" value="11.0.24+8-post-Ubuntu-1ubuntu322.04"/>
    <property name="java.specification.maintenance.version" value="2"/>
    <property name="sun.io.unicode.encoding" value="UnicodeLittle"/>
    <property name="java.class.version" value="55.0"/>
  </properties>
  <testcase name="testApp" classname="com.lucene.cranfield.AppTest" time="0.059"/>
</testsuite>